<?xml version="1.0" encoding="UTF-8"?>
<!-- Generated by org.testng.reporters.JUnitXMLReporter -->
<testsuite ignored="7" hostname="DESKTOP-T5J9HRI" failures="0" tests="2" name="Default test" time="7.849" errors="0" timestamp="2023-11-20T10:36:11 CST">
  <testcase classname="com.test.webservice.scripts.TekarchApis" name="loginToApi" time="2.482"/>
  <testcase classname="com.test.webservice.scripts.TekarchApis" name="deleteUSerSchema" time="4.824"/>
  <testcase classname="com.test.webservice.scripts.TekarchApis" name="updateUser" time="0.0">
    <ignored/>
  </testcase> <!-- updateUser -->
  <testcase classname="com.test.webservice.scripts.TekarchApis" name="getAllRecordsSchema" time="0.0">
    <ignored/>
  </testcase> <!-- getAllRecordsSchema -->
  <testcase classname="com.test.webservice.scripts.TekarchApis" name="deleteUser" time="0.0">
    <ignored/>
  </testcase> <!-- deleteUser -->
  <testcase classname="com.test.webservice.scripts.TekarchApis" name="getUsers" time="0.0">
    <ignored/>
  </testcase> <!-- getUsers -->
  <testcase classname="com.test.webservice.scripts.TekarchApis" name="updateUSerSchema" time="0.0">
    <ignored/>
  </testcase> <!-- updateUSerSchema -->
  <testcase classname="com.test.webservice.scripts.TekarchApis" name="createNewUSerSchema" time="0.0">
    <ignored/>
  </testcase> <!-- createNewUSerSchema -->
  <testcase classname="com.test.webservice.scripts.TekarchApis" name="createNewUser" time="0.0">
    <ignored/>
  </testcase> <!-- createNewUser -->
</testsuite> <!-- Default test -->
