<?xml version="1.0" encoding="UTF-8"?>
<testng-results ignored="7" total="9" passed="2" failed="0" skipped="0">
  <reporter-output>
  </reporter-output>
  <suite started-at="2023-11-20T10:36:03 CST" name="Default suite" finished-at="2023-11-20T10:36:11 CST" duration-ms="7849">
    <groups>
    </groups>
    <test started-at="2023-11-20T10:36:03 CST" name="Default test" finished-at="2023-11-20T10:36:11 CST" duration-ms="7849">
      <class name="com.test.webservice.scripts.TekarchApis">
        <test-method is-config="true" signature="init()[pri:0, instance:com.test.webservice.scripts.TekarchApis@6adbc9d]" started-at="2023-11-20T10:36:03 CST" name="init" finished-at="2023-11-20T10:36:04 CST" duration-ms="470" status="PASS">
          <reporter-output>
          </reporter-output>
        </test-method> <!-- init -->
        <test-method signature="loginToApi()[pri:0, instance:com.test.webservice.scripts.TekarchApis@6adbc9d]" started-at="2023-11-20T10:36:04 CST" name="loginToApi" finished-at="2023-11-20T10:36:06 CST" duration-ms="2482" status="PASS">
          <reporter-output>
          </reporter-output>
        </test-method> <!-- loginToApi -->
        <test-method signature="deleteUSerSchema()[pri:0, instance:com.test.webservice.scripts.TekarchApis@6adbc9d]" started-at="2023-11-20T10:36:06 CST" name="deleteUSerSchema" finished-at="2023-11-20T10:36:11 CST" depends-on-methods="com.test.webservice.scripts.TekarchApis.loginToApi" duration-ms="4824" status="PASS">
          <reporter-output>
          </reporter-output>
        </test-method> <!-- deleteUSerSchema -->
      </class> <!-- com.test.webservice.scripts.TekarchApis -->
    </test> <!-- Default test -->
  </suite> <!-- Default suite -->
</testng-results>
